debug: Esto es un mensaje de debug {"timestamp":"2023-06-05T05:39:35.290Z"}
http: Esto es un mensaje de http {"timestamp":"2023-06-05T05:39:35.291Z"}
info: Esto es un mensaje informativo {"timestamp":"2023-06-05T05:39:35.292Z"}
warning: Esto es una advertencia {"timestamp":"2023-06-05T05:39:35.292Z"}
error: Esto es un error {"timestamp":"2023-06-05T05:39:35.292Z"}
info: Server running in http://localhost:8080/ in production environment. {"timestamp":"2023-06-05 00:40:07"}
debug: Esto es un mensaje de debug {"timestamp":"2023-06-05 00:40:18"}
http: Esto es un mensaje de http {"timestamp":"2023-06-05 00:40:18"}
info: Esto es un mensaje informativo {"timestamp":"2023-06-05 00:40:18"}
warning: Esto es una advertencia {"timestamp":"2023-06-05 00:40:18"}
error: Esto es un error {"timestamp":"2023-06-05 00:40:18"}
info: Server running in http://localhost:8080/ in production environment. {"timestamp":"2023-06-05 00:40:54"}
info: Server running in http://localhost:8080/ in production environment. {"timestamp":"2023-06-05 00:42:20"}
info: Server running in http://localhost:8080/ in production environment. {"timestamp":"2023-06-05 00:45:07"}
info: Server running in http://localhost:8080/ in production environment. {"timestamp":"2023-06-05 00:45:18"}
info: Server running in http://localhost:8080/ in production environment. {"timestamp":"2023-06-05 00:45:32"}
info: Usuario adminCoder@coder.com logueado correctamente. {"timestamp":"2023-06-05 00:45:44"}
info: Server running in http://localhost:8080/ in production environment. {"timestamp":"2023-06-05 00:47:49"}
info: Usuario adminCoder@coder.com logueado correctamente. {"timestamp":"2023-06-05 00:48:12"}
info: Usuario egiraldom1@outlook.com logueado correctamente. {"timestamp":"2023-06-05 00:48:34"}
info: Server running in http://localhost:8080/ in production environment. {"timestamp":"2023-06-05 00:49:20"}
info: Server running in http://localhost:8080/ in production environment. {"timestamp":"2023-06-05 00:49:42"}
info: Server running in http://localhost:8080/ in production environment. {"timestamp":"2023-06-05 00:50:30"}
info: Server running in http://localhost:8080/ in production environment. {"timestamp":"2023-06-05 00:50:43"}
error: Cannot read property '_id' of null {"timestamp":"2023-06-05 00:50:45"}
error: Cannot read property '_id' of null {"timestamp":"2023-06-05 00:51:17"}
info: Server running in http://localhost:8080/ in production environment. {"timestamp":"2023-06-05 00:51:33"}
info: Server running in http://localhost:8080/ in production environment. {"timestamp":"2023-06-05 19:26:16"}
info: Usuario adminCoder@coder.com logueado correctamente. {"timestamp":"2023-06-05 19:27:15"}
info: Server running in http://localhost:8080/ in production environment. {"timestamp":"2023-06-05 19:29:41"}
info: Server running in http://localhost:8080/ in production environment. {"timestamp":"2023-06-05 19:37:58"}
info: Server running in http://localhost:8080/ in production environment. {"timestamp":"2023-06-05 19:38:42"}
info: Server running in http://localhost:8080/ in production environment. {"timestamp":"2023-06-05 19:38:56"}
info: Server running in http://localhost:8080/ in production environment. {"timestamp":"2023-06-05 19:39:23"}
info: Usuario egiraldom4@outlook.com logueado correctamente. {"timestamp":"2023-06-05 19:41:31"}
info: Usuario egiraldom4@outlook.com logueado correctamente. {"timestamp":"2023-06-05 19:42:29"}
info: Server running in http://localhost:8080/ in production environment. {"timestamp":"2023-06-05 19:43:09"}
info: Server running in http://localhost:8080/ in production environment. {"timestamp":"2023-06-05 19:43:35"}
info: Server running in http://localhost:8080/ in production environment. {"timestamp":"2023-06-05 19:44:17"}
info: me: [object Object]. {"timestamp":"2023-06-05 19:44:20"}
info: Server running in http://localhost:8080/ in production environment. {"timestamp":"2023-06-05 19:44:58"}
info: me: {"name":"Jorge Perez","email":"egiraldom4@outlook.com","age":20,"occupation":"Ingeniero"}. {"timestamp":"2023-06-05 19:45:01"}
info: Server running in http://localhost:8080/ in production environment. {"timestamp":"2023-06-08 14:13:23"}
info: Usuario egiraldom1@outlook.com logueado correctamente. {"timestamp":"2023-06-08 14:16:40"}
info: Server running in http://localhost:8080/ in production environment. {"timestamp":"2023-06-08 14:19:16"}
info: Server running in http://localhost:8080/ in production environment. {"timestamp":"2023-06-08 14:20:46"}
info: Server running in http://localhost:8080/ in production environment. {"timestamp":"2023-06-08 14:27:05"}
info: Server running in http://localhost:8080/ in production environment. {"timestamp":"2023-06-08 14:32:33"}
warning: Usuario password no encontrado, por favor intente nuevamente {"timestamp":"2023-06-08 14:32:43"}
info: Server running in http://localhost:8080/ in production environment. {"timestamp":"2023-06-08 14:33:21"}
warning: El campo password es obligatorio {"timestamp":"2023-06-08 14:33:23"}
warning: El campo email es obligatorio {"timestamp":"2023-06-08 14:33:36"}
info: Server running in http://localhost:8080/ in production environment. {"timestamp":"2023-06-08 14:34:41"}
info: Server running in http://localhost:8080/ in production environment. {"timestamp":"2023-06-08 14:35:01"}
info: Server running in http://localhost:8080/ in production environment. {"timestamp":"2023-06-08 14:36:42"}
warning: usuario egiraldom1@outlook.com ya existe {"timestamp":"2023-06-08 14:36:48"}
info: Server running in http://localhost:8080/ in production environment. {"timestamp":"2023-06-08 14:37:53"}
info: Server running in http://localhost:8080/ in production environment. {"timestamp":"2023-06-08 14:43:05"}
info: Database connected. {"timestamp":"2023-06-08 14:45:13"}
info: Server running in http://localhost:8080/ in production environment. {"timestamp":"2023-06-08 14:45:13"}
info: Database connected. {"timestamp":"2023-06-08 14:46:18"}
info: Server running in http://localhost:8080/ in production environment. {"timestamp":"2023-06-08 14:46:18"}
info: Database connected. {"timestamp":"2023-06-08 14:47:28"}
info: Server running in http://localhost:8080/ in production environment. {"timestamp":"2023-06-08 14:47:28"}
info: Usuario egiraldom1@outlook.com logueado correctamente. {"timestamp":"2023-06-08 14:48:03"}
info: Database connected. {"timestamp":"2023-06-08 14:50:06"}
info: Server running in http://localhost:8080/ in production environment. {"timestamp":"2023-06-08 14:50:06"}
info: Database connected. {"timestamp":"2023-06-08 14:50:12"}
info: Server running in http://localhost:8080/ in production environment. {"timestamp":"2023-06-08 14:50:12"}
info: Database connected. {"timestamp":"2023-06-08 14:50:18"}
info: Server running in http://localhost:8080/ in production environment. {"timestamp":"2023-06-08 14:50:18"}
warning: Forbidden {"timestamp":"2023-06-08 14:50:29"}
info: Database connected. {"timestamp":"2023-06-08 14:51:30"}
info: Server running in http://localhost:8080/ in production environment. {"timestamp":"2023-06-08 14:51:31"}
info: Database connected. {"timestamp":"2023-06-08 14:53:30"}
info: Server running in http://localhost:8080/ in production environment. {"timestamp":"2023-06-08 14:53:30"}
error: profile Forbidden {"statusCode":403,"success":false,"timestamp":"2023-06-08 14:53:40"}
info: me: {"name":"Jorge Perez","email":"egiraldom1@outlook.com","age":20,"occupation":"Ingeniero"}. {"timestamp":"2023-06-08 14:54:11"}
info: Database connected. {"timestamp":"2023-06-08 15:09:17"}
info: Server running in http://localhost:8080/ in produccion environment. {"timestamp":"2023-06-08 15:09:17"}
info: Database connected. {"timestamp":"2023-06-08 15:09:26"}
info: Server running in http://localhost:8080/ in produccion environment. {"timestamp":"2023-06-08 15:09:26"}
info: Database connected. {"timestamp":"2023-06-08 15:09:43"}
info: Server running in http://localhost:8080/ in produccion environment. {"timestamp":"2023-06-08 15:09:43"}
debug: Database connected. {"timestamp":"2023-06-08 15:16:28"}
debug: Server running in http://localhost:8080/ in produccion environment. {"timestamp":"2023-06-08 15:16:28"}
debug: Database connected. {"timestamp":"2023-06-08 15:17:14"}
debug: Server running in http://localhost:8080/ in produccion environment. {"timestamp":"2023-06-08 15:17:14"}
